 INFO: nweb starting:8181:75600
 INFO: request:GET / HTTP/1.1**Host: localhost:8181**Connection: keep-alive**Accept: text/html,application/xhtml+xml,application/xml;q=0.9,image/webp,*/*;q=0.8**User-Agent: Mozilla/5.0 (Macintosh; Intel Mac OS X 10_9_2) AppleWebKit/537.36 (KHTML, like Gecko) Chrome/33.0.1750.152 Safari/537.36**Accept-Encoding: gzip,deflate,sdch**Accept-Language: en-US,en;q=0.8,sq;q=0.6**Cookie: request_method=GET; _demo_app_session=Q21ScllISEE1cXB0MUNOSTZsVmYydDErelB1TXdaV2pHWXMrZHlaaHdzZktqRFQyd0NIenNNYUJkMG9uTkVKTk9IUHROMjdVQzhoSkxQbURrYkJERlRaZDZFNHZJaUYwcTJmbFVjOW4wVVV5VmNnL2dSeFhhUW16ZTBFd2Q1RzIxd3hXUDd2VjdBZm5PRmhqS3FXR2NsakdBOU1VUWtTY1FHRzJSWE80U2J5RUtSVjNEa0JLYThwUmpCd0kxeGNDSjQ1Z2tqTno4MkpZcHRwT2ltVEhZVUhrYlZiUW9oazZFQkE1TC85VmhZVVpZajEyRUJZdytuSk1YYXNXQW5zOEs4Um1tOUZ0RXR6OWdvay9JWmgzZXpnRHZhK2tVTG9INS9sR3ZabHhyUEY3ZU5rcGdlUTJpamNqejU5VXhGbSstLVQ3Y1hjQXpUbVdLaXAvYVpYcFhYVEE9PQ%3D%3D--867ec6a3db6083bb44f64b69d14d39abb37cdaa6; wordpress_test_cookie=WP+Cookie+check; wordpress_logged_in_37d007a56d816107ce5b52c10342db37=ankush%7C1394657749%7C7f2faf2a6daebb8c5dc4c0984f05802a; wp-settings-time-1=1394485000; cookies.js=1; _session_id=04089c91d8b191ff0f95af4955414445; __profilin=p%3Dt; _sample_app_session=TU1OWmxRYXJUemNSV3lYU24zK2hoTEFsOTBXOVhZQmplV3V2UklMNkJveFE1TWcyN1lCU21VVHJKVkpBVDZRQlN1Uyt2cVpFZC9DL1pTcTZzc1lRKzZVVGt2L3BNdEhtbG9sR0lsbkJvSWUycU8yV0QweHZPbmJGMVZFYmRzcG9MZ2luYVRTd3BJWkJDVGRmc0c4Vy94WHFkNE5RRWZFTDRPTWxVckZOOHhBOFJYUk5CWG5HY1YvbTFESFZ6YWhCLS12MkJOY1Y5L1dEQXpVREYzOTBWQUx3PT0%3D--052b32000e1c32b521bb6250db0230669cc007ec****:1
 INFO: SEND:index.html:1
 INFO: Header:HTTP/1.1 200 OK
Server: nweb/23.0
Content-Length: 239
Connection: close
Content-Type: text/html

:1
 INFO: request:GET /nigel.jpg HTTP/1.1**Host: localhost:8181**Connection: keep-alive**Accept: image/webp,*/*;q=0.8**User-Agent: Mozilla/5.0 (Macintosh; Intel Mac OS X 10_9_2) AppleWebKit/537.36 (KHTML, like Gecko) Chrome/33.0.1750.152 Safari/537.36**Referer: http://localhost:8181/**Accept-Encoding: gzip,deflate,sdch**Accept-Language: en-US,en;q=0.8,sq;q=0.6**Cookie: request_method=GET; _demo_app_session=Q21ScllISEE1cXB0MUNOSTZsVmYydDErelB1TXdaV2pHWXMrZHlaaHdzZktqRFQyd0NIenNNYUJkMG9uTkVKTk9IUHROMjdVQzhoSkxQbURrYkJERlRaZDZFNHZJaUYwcTJmbFVjOW4wVVV5VmNnL2dSeFhhUW16ZTBFd2Q1RzIxd3hXUDd2VjdBZm5PRmhqS3FXR2NsakdBOU1VUWtTY1FHRzJSWE80U2J5RUtSVjNEa0JLYThwUmpCd0kxeGNDSjQ1Z2tqTno4MkpZcHRwT2ltVEhZVUhrYlZiUW9oazZFQkE1TC85VmhZVVpZajEyRUJZdytuSk1YYXNXQW5zOEs4Um1tOUZ0RXR6OWdvay9JWmgzZXpnRHZhK2tVTG9INS9sR3ZabHhyUEY3ZU5rcGdlUTJpamNqejU5VXhGbSstLVQ3Y1hjQXpUbVdLaXAvYVpYcFhYVEE9PQ%3D%3D--867ec6a3db6083bb44f64b69d14d39abb37cdaa6; wordpress_test_cookie=WP+Cookie+check; wordpress_logged_in_37d007a56d816107ce5b52c10342db37=ankush%7C1394657749%7C7f2faf2a6daebb8c5dc4c0984f05802a; wp-settings-time-1=1394485000; cookies.js=1; _session_id=04089c91d8b191ff0f95af4955414445; __profilin=p%3Dt; _sample_app_session=TU1OWmxRYXJUemNSV3lYU24zK2hoTEFsOTBXOVhZQmplV3V2UklMNkJveFE1TWcyN1lCU21VVHJKVkpBVDZRQlN1Uyt2cVpFZC9DL1pTcTZzc1lRKzZVVGt2L3BNdEhtbG9sR0lsbkJvSWUycU8yV0QweHZPbmJGMVZFYmRzcG9MZ2luYVRTd3BJWkJDVGRmc0c4Vy94WHFkNE5RRWZFTDRPTWxVckZOOHhBOFJYUk5CWG5HY1YvbTFESFZ6YWhCLS12MkJOY1Y5L1dEQXpVREYzOTBWQUx3PT0%3D--052b32000e1c32b521bb6250db0230669cc007ec****:2
 INFO: SEND:nigel.jpg:2
 INFO: Header:HTTP/1.1 200 OK
Server: nweb/23.0
Content-Length: 10184
Connection: close
Content-Type: image/jpg

:2
 INFO: request:GET /favicon.ico HTTP/1.1**Host: localhost:8181**Connection: keep-alive**Accept: */***User-Agent: Mozilla/5.0 (Macintosh; Intel Mac OS X 10_9_2) AppleWebKit/537.36 (KHTML, like Gecko) Chrome/33.0.1750.152 Safari/537.36**Accept-Encoding: gzip,deflate,sdch**Accept-Language: en-US,en;q=0.8,sq;q=0.6**Cookie: request_method=GET; _demo_app_session=Q21ScllISEE1cXB0MUNOSTZsVmYydDErelB1TXdaV2pHWXMrZHlaaHdzZktqRFQyd0NIenNNYUJkMG9uTkVKTk9IUHROMjdVQzhoSkxQbURrYkJERlRaZDZFNHZJaUYwcTJmbFVjOW4wVVV5VmNnL2dSeFhhUW16ZTBFd2Q1RzIxd3hXUDd2VjdBZm5PRmhqS3FXR2NsakdBOU1VUWtTY1FHRzJSWE80U2J5RUtSVjNEa0JLYThwUmpCd0kxeGNDSjQ1Z2tqTno4MkpZcHRwT2ltVEhZVUhrYlZiUW9oazZFQkE1TC85VmhZVVpZajEyRUJZdytuSk1YYXNXQW5zOEs4Um1tOUZ0RXR6OWdvay9JWmgzZXpnRHZhK2tVTG9INS9sR3ZabHhyUEY3ZU5rcGdlUTJpamNqejU5VXhGbSstLVQ3Y1hjQXpUbVdLaXAvYVpYcFhYVEE9PQ%3D%3D--867ec6a3db6083bb44f64b69d14d39abb37cdaa6; wordpress_test_cookie=WP+Cookie+check; wordpress_logged_in_37d007a56d816107ce5b52c10342db37=ankush%7C1394657749%7C7f2faf2a6daebb8c5dc4c0984f05802a; wp-settings-time-1=1394485000; cookies.js=1; _session_id=04089c91d8b191ff0f95af4955414445; __profilin=p%3Dt; _sample_app_session=TU1OWmxRYXJUemNSV3lYU24zK2hoTEFsOTBXOVhZQmplV3V2UklMNkJveFE1TWcyN1lCU21VVHJKVkpBVDZRQlN1Uyt2cVpFZC9DL1pTcTZzc1lRKzZVVGt2L3BNdEhtbG9sR0lsbkJvSWUycU8yV0QweHZPbmJGMVZFYmRzcG9MZ2luYVRTd3BJWkJDVGRmc0c4Vy94WHFkNE5RRWZFTDRPTWxVckZOOHhBOFJYUk5CWG5HY1YvbTFESFZ6YWhCLS12MkJOY1Y5L1dEQXpVREYzOTBWQUx3PT0%3D--052b32000e1c32b521bb6250db0230669cc007ec****:3
 INFO: SEND:favicon.ico:3
 INFO: Header:HTTP/1.1 200 OK
Server: nweb/23.0
Content-Length: 1334
Connection: close
Content-Type: image/ico

:3
 INFO: request:GET / HTTP/1.1**Host: localhost:8181**Connection: keep-alive**Cache-Control: no-cache**Accept: text/html,application/xhtml+xml,application/xml;q=0.9,image/webp,*/*;q=0.8**Pragma: no-cache**User-Agent: Mozilla/5.0 (Macintosh; Intel Mac OS X 10_9_2) AppleWebKit/537.36 (KHTML, like Gecko) Chrome/33.0.1750.152 Safari/537.36**Accept-Encoding: gzip,deflate,sdch**Accept-Language: en-US,en;q=0.8,sq;q=0.6**Cookie: request_method=GET; _demo_app_session=Q21ScllISEE1cXB0MUNOSTZsVmYydDErelB1TXdaV2pHWXMrZHlaaHdzZktqRFQyd0NIenNNYUJkMG9uTkVKTk9IUHROMjdVQzhoSkxQbURrYkJERlRaZDZFNHZJaUYwcTJmbFVjOW4wVVV5VmNnL2dSeFhhUW16ZTBFd2Q1RzIxd3hXUDd2VjdBZm5PRmhqS3FXR2NsakdBOU1VUWtTY1FHRzJSWE80U2J5RUtSVjNEa0JLYThwUmpCd0kxeGNDSjQ1Z2tqTno4MkpZcHRwT2ltVEhZVUhrYlZiUW9oazZFQkE1TC85VmhZVVpZajEyRUJZdytuSk1YYXNXQW5zOEs4Um1tOUZ0RXR6OWdvay9JWmgzZXpnRHZhK2tVTG9INS9sR3ZabHhyUEY3ZU5rcGdlUTJpamNqejU5VXhGbSstLVQ3Y1hjQXpUbVdLaXAvYVpYcFhYVEE9PQ%3D%3D--867ec6a3db6083bb44f64b69d14d39abb37cdaa6; wordpress_test_cookie=WP+Cookie+check; wordpress_logged_in_37d007a56d816107ce5b52c10342db37=ankush%7C1394657749%7C7f2faf2a6daebb8c5dc4c0984f05802a; wp-settings-time-1=1394485000; cookies.js=1; _session_id=04089c91d8b191ff0f95af4955414445; __profilin=p%3Dt; _sample_app_session=TU1OWmxRYXJUemNSV3lYU24zK2hoTEFsOTBXOVhZQmplV3V2UklMNkJveFE1TWcyN1lCU21VVHJKVkpBVDZRQlN1Uyt2cVpFZC9DL1pTcTZzc1lRKzZVVGt2L3BNdEhtbG9sR0lsbkJvSWUycU8yV0QweHZPbmJGMVZFYmRzcG9MZ2luYVRTd3BJWkJDVGRmc0c4Vy94WHFkNE5RRWZFTDRPTWxVckZOOHhBOFJYUk5CWG5HY1YvbTFESFZ6YWhCLS12MkJOY1Y5L1dEQXpVREYzOTBWQUx3PT0%3D--052b32000e1c32b521bb6250db0230669cc007ec****:4
 INFO: SEND:index.html:4
 INFO: Header:HTTP/1.1 200 OK
Server: nweb/23.0
Content-Length: 239
Connection: close
Content-Type: text/html

:4
 INFO: request:GET /nigel.jpg HTTP/1.1**Host: localhost:8181**Connection: keep-alive**Cache-Control: no-cache**Accept: image/webp,*/*;q=0.8**Pragma: no-cache**User-Agent: Mozilla/5.0 (Macintosh; Intel Mac OS X 10_9_2) AppleWebKit/537.36 (KHTML, like Gecko) Chrome/33.0.1750.152 Safari/537.36**Referer: http://localhost:8181/**Accept-Encoding: gzip,deflate,sdch**Accept-Language: en-US,en;q=0.8,sq;q=0.6**Cookie: request_method=GET; _demo_app_session=Q21ScllISEE1cXB0MUNOSTZsVmYydDErelB1TXdaV2pHWXMrZHlaaHdzZktqRFQyd0NIenNNYUJkMG9uTkVKTk9IUHROMjdVQzhoSkxQbURrYkJERlRaZDZFNHZJaUYwcTJmbFVjOW4wVVV5VmNnL2dSeFhhUW16ZTBFd2Q1RzIxd3hXUDd2VjdBZm5PRmhqS3FXR2NsakdBOU1VUWtTY1FHRzJSWE80U2J5RUtSVjNEa0JLYThwUmpCd0kxeGNDSjQ1Z2tqTno4MkpZcHRwT2ltVEhZVUhrYlZiUW9oazZFQkE1TC85VmhZVVpZajEyRUJZdytuSk1YYXNXQW5zOEs4Um1tOUZ0RXR6OWdvay9JWmgzZXpnRHZhK2tVTG9INS9sR3ZabHhyUEY3ZU5rcGdlUTJpamNqejU5VXhGbSstLVQ3Y1hjQXpUbVdLaXAvYVpYcFhYVEE9PQ%3D%3D--867ec6a3db6083bb44f64b69d14d39abb37cdaa6; wordpress_test_cookie=WP+Cookie+check; wordpress_logged_in_37d007a56d816107ce5b52c10342db37=ankush%7C1394657749%7C7f2faf2a6daebb8c5dc4c0984f05802a; wp-settings-time-1=1394485000; cookies.js=1; _session_id=04089c91d8b191ff0f95af4955414445; __profilin=p%3Dt; _sample_app_session=TU1OWmxRYXJUemNSV3lYU24zK2hoTEFsOTBXOVhZQmplV3V2UklMNkJveFE1TWcyN1lCU21VVHJKVkpBVDZRQlN1Uyt2cVpFZC9DL1pTcTZzc1lRKzZVVGt2L3BNdEhtbG9sR0lsbkJvSWUycU8yV0QweHZPbmJGMVZFYmRzcG9MZ2luYVRTd3BJWkJDVGRmc0c4Vy94WHFkNE5RRWZFTDRPTWxVckZOOHhBOFJYUk5CWG5HY1YvbTFESFZ6YWhCLS12MkJOY1Y5L1dEQXpVREYzOTBWQUx3PT0%3D--052b32000e1c32b521bb6250db0230669cc007ec****:5
 INFO: SEND:nigel.jpg:5
 INFO: Header:HTTP/1.1 200 OK
Server: nweb/23.0
Content-Length: 10184
Connection: close
Content-Type: image/jpg

:5
 INFO: request:GET /favicon.ico HTTP/1.1**Host: localhost:8181**Connection: keep-alive**Accept: */***User-Agent: Mozilla/5.0 (Macintosh; Intel Mac OS X 10_9_2) AppleWebKit/537.36 (KHTML, like Gecko) Chrome/33.0.1750.152 Safari/537.36**Accept-Encoding: gzip,deflate,sdch**Accept-Language: en-US,en;q=0.8,sq;q=0.6**Cookie: request_method=GET; _demo_app_session=Q21ScllISEE1cXB0MUNOSTZsVmYydDErelB1TXdaV2pHWXMrZHlaaHdzZktqRFQyd0NIenNNYUJkMG9uTkVKTk9IUHROMjdVQzhoSkxQbURrYkJERlRaZDZFNHZJaUYwcTJmbFVjOW4wVVV5VmNnL2dSeFhhUW16ZTBFd2Q1RzIxd3hXUDd2VjdBZm5PRmhqS3FXR2NsakdBOU1VUWtTY1FHRzJSWE80U2J5RUtSVjNEa0JLYThwUmpCd0kxeGNDSjQ1Z2tqTno4MkpZcHRwT2ltVEhZVUhrYlZiUW9oazZFQkE1TC85VmhZVVpZajEyRUJZdytuSk1YYXNXQW5zOEs4Um1tOUZ0RXR6OWdvay9JWmgzZXpnRHZhK2tVTG9INS9sR3ZabHhyUEY3ZU5rcGdlUTJpamNqejU5VXhGbSstLVQ3Y1hjQXpUbVdLaXAvYVpYcFhYVEE9PQ%3D%3D--867ec6a3db6083bb44f64b69d14d39abb37cdaa6; wordpress_test_cookie=WP+Cookie+check; wordpress_logged_in_37d007a56d816107ce5b52c10342db37=ankush%7C1394657749%7C7f2faf2a6daebb8c5dc4c0984f05802a; wp-settings-time-1=1394485000; cookies.js=1; _session_id=04089c91d8b191ff0f95af4955414445; __profilin=p%3Dt; _sample_app_session=TU1OWmxRYXJUemNSV3lYU24zK2hoTEFsOTBXOVhZQmplV3V2UklMNkJveFE1TWcyN1lCU21VVHJKVkpBVDZRQlN1Uyt2cVpFZC9DL1pTcTZzc1lRKzZVVGt2L3BNdEhtbG9sR0lsbkJvSWUycU8yV0QweHZPbmJGMVZFYmRzcG9MZ2luYVRTd3BJWkJDVGRmc0c4Vy94WHFkNE5RRWZFTDRPTWxVckZOOHhBOFJYUk5CWG5HY1YvbTFESFZ6YWhCLS12MkJOY1Y5L1dEQXpVREYzOTBWQUx3PT0%3D--052b32000e1c32b521bb6250db0230669cc007ec****:6
 INFO: SEND:favicon.ico:6
 INFO: Header:HTTP/1.1 200 OK
Server: nweb/23.0
Content-Length: 1334
Connection: close
Content-Type: image/ico

:6
FORBIDDEN: failed to read browser request:
 INFO: request:GET / HTTP/1.1**User-Agent: curl/7.30.0**Host: localhost:8181**Accept: */*****:8
 INFO: SEND:index.html:8
 INFO: Header:HTTP/1.1 200 OK
Server: nweb/23.0
Content-Length: 239
Connection: close
Content-Type: text/html

:8
 INFO: request:GET / HTTP/1.1**User-Agent: curl/7.30.0**Host: localhost:8181**Accept: */*****:9
 INFO: SEND:index.html:9
 INFO: Header:HTTP/1.1 200 OK
Server: nweb/23.0
Content-Length: 239
Connection: close
Content-Type: text/html

:9
 INFO: request:GET / HTTP/1.1**User-Agent: curl/7.30.0**Host: localhost:8181**Accept: */*****:10
 INFO: SEND:index.html:10
 INFO: Header:HTTP/1.1 200 OK
Server: nweb/23.0
Content-Length: 239
Connection: close
Content-Type: text/html

:10
 INFO: request:GET / HTTP/1.1**User-Agent: curl/7.30.0**Host: localhost:8181**Accept: */*****:11
 INFO: SEND:index.html:11
 INFO: Header:HTTP/1.1 200 OK
Server: nweb/23.0
Content-Length: 239
Connection: close
Content-Type: text/html

:11
